New log file opened at Sat Feb 27 20:33:26 CST 2016 by 1504@Rijos-PC
Sending msg to client play-fork-run-d188a8e9-ca77-4210-8cd6-53f8849614a6: DetachedLogEvent(LogMessage(debug,sbt server socket logs are in: C:\Users\Rijos\Documents\GitHub\ragecrate\.sbtserver\connections\master.log))
Sending msg to client play-fork-run-d188a8e9-ca77-4210-8cd6-53f8849614a6: DetachedLogEvent(LogMessage(debug,sbt client logs are in: C:\Users\Rijos\Documents\GitHub\ragecrate\.sbtserver\connections\play-fork-run-d188a8e9-ca77-4210-8cd6-53f8849614a6.log))
Sending msg to client play-fork-run-d188a8e9-ca77-4210-8cd6-53f8849614a6: DetachedLogEvent(LogMessage(debug,sbt general server logs are in: C:\Users\Rijos\Documents\GitHub\ragecrate\.sbtserver\master.log))
Reading next message from client.
Got request: DaemonRequest(true)
Reading next message from client.
Sending msg to client play-fork-run-d188a8e9-ca77-4210-8cd6-53f8849614a6: (3,ReceivedResponse())
Got request: ListenToEvents()
Reading next message from client.
Sending msg to client play-fork-run-d188a8e9-ca77-4210-8cd6-53f8849614a6: BackgroundJobStarted(5,BackgroundJobInfo(1,backgroundRun,AttributeKey[sbt.BackgroundJobHandle]("backgroundRun") in Scope(Build: file:/C:/Users/Rijos/Documents/GitHub/ragecrate/, , Project: ProjectReference(file:/C:/Users/Rijos/Documents/GitHub/ragecrate/,root), Config: compile)))
Sending msg to client play-fork-run-d188a8e9-ca77-4210-8cd6-53f8849614a6: (4,ReceivedResponse())
Got request: KeyLookupRequest(root/playForkConfig)
Reading next message from client.
Sending msg to client play-fork-run-d188a8e9-ca77-4210-8cd6-53f8849614a6: (5,KeyLookupResponse(root/playForkConfig,Vector(AttributeKey[play.forkrun.protocol.ForkConfig]("playForkConfig") in Scope(Build: file:/C:/Users/Rijos/Documents/GitHub/ragecrate/, , Project: ProjectReference(file:/C:/Users/Rijos/Documents/GitHub/ragecrate/,root)))))
Got request: ListenToValue(AttributeKey[play.forkrun.protocol.ForkConfig]("playForkConfig") in Scope(Build: file:/C:/Users/Rijos/Documents/GitHub/ragecrate/, , Project: ProjectReference(file:/C:/Users/Rijos/Documents/GitHub/ragecrate/,root)))
Reading next message from client.
Sending msg to client play-fork-run-d188a8e9-ca77-4210-8cd6-53f8849614a6: (6,ReceivedResponse())
Got request: KeyExecutionRequest(AttributeKey[play.forkrun.protocol.ForkConfig]("playForkConfig") in Scope(Build: file:/C:/Users/Rijos/Documents/GitHub/ragecrate/, , Project: ProjectReference(file:/C:/Users/Rijos/Documents/GitHub/ragecrate/,root)))
Reading next message from client.
Sending msg to client play-fork-run-d188a8e9-ca77-4210-8cd6-53f8849614a6: (7,ExecutionRequestReceived(6))
Sending msg to client play-fork-run-d188a8e9-ca77-4210-8cd6-53f8849614a6: ExecutionWaiting(6,{file:/C:/Users/Rijos/Documents/GitHub/ragecrate/}root/*:playForkConfig,ClientInfo(d188a8e9-ca77-4210-8cd6-53f8849614a6,play-fork-run,Play Fork Run,1,Vector()))
Sending msg to client play-fork-run-d188a8e9-ca77-4210-8cd6-53f8849614a6: ExecutionStarting(6)
Sending msg to client play-fork-run-d188a8e9-ca77-4210-8cd6-53f8849614a6: DetachedLogEvent(LogMessage(debug,> {file:/C:/Users/Rijos/Documents/GitHub/ragecrate/}root/*:playForkConfig))
Sending msg to client play-fork-run-d188a8e9-ca77-4210-8cd6-53f8849614a6: DetachedLogEvent(LogMessage(debug,Evaluating tasks: *:playForkConfig))
Sending msg to client play-fork-run-d188a8e9-ca77-4210-8cd6-53f8849614a6: DetachedLogEvent(LogMessage(debug,Running task... Cancel: sbt.server.ServerTaskCancellation@4782f977, check cycles: false))
Sending msg to client play-fork-run-d188a8e9-ca77-4210-8cd6-53f8849614a6: DetachedLogEvent(LogMessage(debug,cancel strategy start enabled=true lastCommand=Some(LastCommand(CommandExecutionWork(ExecutionId(6),{file:/C:/Users/Rijos/Documents/GitHub/ragecrate/}root/*:playForkConfig,Set(LiveClient(play-fork-run d188a8e9-ca77-4210-8cd6-53f8849614a6)),sbt.server.WorkCancellationStatus$$anon$1@5752fafa)))))
Sending msg to client play-fork-run-d188a8e9-ca77-4210-8cd6-53f8849614a6: TaskStarted(6,315,Some(AttributeKey[scala.Option[java.lang.String]]("mainClass") in Scope(Build: file:/C:/Users/Rijos/Documents/GitHub/ragecrate/, , Project: ProjectReference(file:/C:/Users/Rijos/Documents/GitHub/ragecrate/,root), Config: compile, Task: AttributeKey[void]("run"))))
Sending msg to client play-fork-run-d188a8e9-ca77-4210-8cd6-53f8849614a6: TaskStarted(6,317,None)
Sending msg to client play-fork-run-d188a8e9-ca77-4210-8cd6-53f8849614a6: TaskStarted(6,320,None)
Sending msg to client play-fork-run-d188a8e9-ca77-4210-8cd6-53f8849614a6: TaskStarted(6,323,None)
Sending msg to client play-fork-run-d188a8e9-ca77-4210-8cd6-53f8849614a6: TaskStarted(6,334,Some(AttributeKey[java.lang.String]("updateCacheName") in Scope(Build: file:/C:/Users/Rijos/Documents/GitHub/ragecrate/, , Project: ProjectReference(file:/C:/Users/Rijos/Documents/GitHub/ragecrate/,root))))
Sending msg to client play-fork-run-d188a8e9-ca77-4210-8cd6-53f8849614a6: TaskStarted(6,337,None)
Sending msg to client play-fork-run-d188a8e9-ca77-4210-8cd6-53f8849614a6: TaskStarted(6,347,Some(AttributeKey[scala.collection.Seq[sbt.Credentials]]("credentials") in Scope(Global)))
Sending msg to client play-fork-run-d188a8e9-ca77-4210-8cd6-53f8849614a6: TaskStarted(6,350,Some(AttributeKey[scala.collection.Seq[sbt.Resolver]]("externalResolvers") in Scope(Build: file:/C:/Users/Rijos/Documents/GitHub/ragecrate/, , Project: ProjectReference(file:/C:/Users/Rijos/Documents/GitHub/ragecrate/,root))))
Sending msg to client play-fork-run-d188a8e9-ca77-4210-8cd6-53f8849614a6: TaskStarted(6,351,Some(AttributeKey[scala.Option[scala.collection.Seq[sbt.Resolver]]]("bootResolvers") in Scope(Build: file:/C:/Users/Rijos/Documents/GitHub/ragecrate/, , Project: ProjectReference(file:/C:/Users/Rijos/Documents/GitHub/ragecrate/,root))))
Sending msg to client play-fork-run-d188a8e9-ca77-4210-8cd6-53f8849614a6: TaskStarted(6,357,None)
Sending msg to client play-fork-run-d188a8e9-ca77-4210-8cd6-53f8849614a6: TaskStarted(6,358,None)
Sending msg to client play-fork-run-d188a8e9-ca77-4210-8cd6-53f8849614a6: TaskStarted(6,359,Some(AttributeKey[boolean]("skip") in Scope(Global)))
Sending msg to client play-fork-run-d188a8e9-ca77-4210-8cd6-53f8849614a6: TaskStarted(6,360,None)
Sending msg to client play-fork-run-d188a8e9-ca77-4210-8cd6-53f8849614a6: TaskStarted(6,364,None)
Sending msg to client play-fork-run-d188a8e9-ca77-4210-8cd6-53f8849614a6: TaskStarted(6,367,Some(AttributeKey[scala.collection.Seq[java.lang.String]]("javaOptions") in Scope(Global)))
Sending msg to client play-fork-run-d188a8e9-ca77-4210-8cd6-53f8849614a6: TaskStarted(6,369,Some(AttributeKey[scala.Tuple2[java.lang.String,java.io.File]]("playPrefixAndAssets") in Scope(Build: file:/C:/Users/Rijos/Documents/GitHub/ragecrate/, , Project: ProjectReference(file:/C:/Users/Rijos/Documents/GitHub/ragecrate/,root))))
Sending msg to client play-fork-run-d188a8e9-ca77-4210-8cd6-53f8849614a6: TaskFinished(6,315,Some(AttributeKey[scala.Option[java.lang.String]]("mainClass") in Scope(Build: file:/C:/Users/Rijos/Documents/GitHub/ragecrate/, , Project: ProjectReference(file:/C:/Users/Rijos/Documents/GitHub/ragecrate/,root), Config: compile, Task: AttributeKey[void]("run"))),true,None)
Sending msg to client play-fork-run-d188a8e9-ca77-4210-8cd6-53f8849614a6: TaskFinished(6,323,None,true,None)
Sending msg to client play-fork-run-d188a8e9-ca77-4210-8cd6-53f8849614a6: TaskStarted(6,322,None)
Sending msg to client play-fork-run-d188a8e9-ca77-4210-8cd6-53f8849614a6: TaskStarted(6,327,None)
Sending msg to client play-fork-run-d188a8e9-ca77-4210-8cd6-53f8849614a6: TaskStarted(6,329,None)
Sending msg to client play-fork-run-d188a8e9-ca77-4210-8cd6-53f8849614a6: TaskStarted(6,332,None)
Sending msg to client play-fork-run-d188a8e9-ca77-4210-8cd6-53f8849614a6: TaskStarted(6,340,None)
Sending msg to client play-fork-run-d188a8e9-ca77-4210-8cd6-53f8849614a6: TaskStarted(6,346,None)
Sending msg to client play-fork-run-d188a8e9-ca77-4210-8cd6-53f8849614a6: TaskStarted(6,354,None)
Sending msg to client play-fork-run-d188a8e9-ca77-4210-8cd6-53f8849614a6: TaskStarted(6,355,None)
Sending msg to client play-fork-run-d188a8e9-ca77-4210-8cd6-53f8849614a6: TaskFinished(6,320,None,true,None)
Sending msg to client play-fork-run-d188a8e9-ca77-4210-8cd6-53f8849614a6: TaskStarted(6,319,Some(AttributeKey[sbt.BuildStructure]("buildStructure") in Scope(Global)))
Sending msg to client play-fork-run-d188a8e9-ca77-4210-8cd6-53f8849614a6: TaskStarted(6,335,Some(AttributeKey[java.io.File]("dependencyCacheDirectory") in Scope(Build: file:/C:/Users/Rijos/Documents/GitHub/ragecrate/, , Project: ProjectReference(file:/C:/Users/Rijos/Documents/GitHub/ragecrate/,root))))
Sending msg to client play-fork-run-d188a8e9-ca77-4210-8cd6-53f8849614a6: TaskFinished(6,334,Some(AttributeKey[java.lang.String]("updateCacheName") in Scope(Build: file:/C:/Users/Rijos/Documents/GitHub/ragecrate/, , Project: ProjectReference(file:/C:/Users/Rijos/Documents/GitHub/ragecrate/,root))),true,None)
Sending msg to client play-fork-run-d188a8e9-ca77-4210-8cd6-53f8849614a6: TaskFinished(6,347,Some(AttributeKey[scala.collection.Seq[sbt.Credentials]]("credentials") in Scope(Global)),true,None)
Sending msg to client play-fork-run-d188a8e9-ca77-4210-8cd6-53f8849614a6: TaskFinished(6,350,Some(AttributeKey[scala.collection.Seq[sbt.Resolver]]("externalResolvers") in Scope(Build: file:/C:/Users/Rijos/Documents/GitHub/ragecrate/, , Project: ProjectReference(file:/C:/Users/Rijos/Documents/GitHub/ragecrate/,root))),true,None)
Sending msg to client play-fork-run-d188a8e9-ca77-4210-8cd6-53f8849614a6: TaskFinished(6,351,Some(AttributeKey[scala.Option[scala.collection.Seq[sbt.Resolver]]]("bootResolvers") in Scope(Build: file:/C:/Users/Rijos/Documents/GitHub/ragecrate/, , Project: ProjectReference(file:/C:/Users/Rijos/Documents/GitHub/ragecrate/,root))),true,None)
Sending msg to client play-fork-run-d188a8e9-ca77-4210-8cd6-53f8849614a6: TaskFinished(6,337,None,true,None)
Sending msg to client play-fork-run-d188a8e9-ca77-4210-8cd6-53f8849614a6: TaskFinished(6,317,None,true,None)
Sending msg to client play-fork-run-d188a8e9-ca77-4210-8cd6-53f8849614a6: TaskFinished(6,357,None,true,None)
Sending msg to client play-fork-run-d188a8e9-ca77-4210-8cd6-53f8849614a6: TaskFinished(6,358,None,true,None)
Sending msg to client play-fork-run-d188a8e9-ca77-4210-8cd6-53f8849614a6: TaskStarted(6,356,Some(AttributeKey[scala.collection.Seq[sbt.UpdateReport]]("transitiveUpdate") in Scope(Build: file:/C:/Users/Rijos/Documents/GitHub/ragecrate/, , Project: ProjectReference(file:/C:/Users/Rijos/Documents/GitHub/ragecrate/,root))))
Sending msg to client play-fork-run-d188a8e9-ca77-4210-8cd6-53f8849614a6: TaskFinished(6,359,Some(AttributeKey[boolean]("skip") in Scope(Global)),true,None)
Sending msg to client play-fork-run-d188a8e9-ca77-4210-8cd6-53f8849614a6: TaskFinished(6,364,None,true,None)
Sending msg to client play-fork-run-d188a8e9-ca77-4210-8cd6-53f8849614a6: TaskFinished(6,367,Some(AttributeKey[scala.collection.Seq[java.lang.String]]("javaOptions") in Scope(Global)),true,None)
Sending msg to client play-fork-run-d188a8e9-ca77-4210-8cd6-53f8849614a6: TaskFinished(6,369,Some(AttributeKey[scala.Tuple2[java.lang.String,java.io.File]]("playPrefixAndAssets") in Scope(Build: file:/C:/Users/Rijos/Documents/GitHub/ragecrate/, , Project: ProjectReference(file:/C:/Users/Rijos/Documents/GitHub/ragecrate/,root))),true,None)
Sending msg to client play-fork-run-d188a8e9-ca77-4210-8cd6-53f8849614a6: TaskStarted(6,368,Some(AttributeKey[scala.collection.Seq[scala.Tuple2[java.lang.String,java.io.File]]]("playAllAssets") in Scope(Build: file:/C:/Users/Rijos/Documents/GitHub/ragecrate/, , Project: ProjectReference(file:/C:/Users/Rijos/Documents/GitHub/ragecrate/,root))))
Sending msg to client play-fork-run-d188a8e9-ca77-4210-8cd6-53f8849614a6: TaskFinished(6,322,None,true,None)
Sending msg to client play-fork-run-d188a8e9-ca77-4210-8cd6-53f8849614a6: TaskFinished(6,327,None,true,None)
Sending msg to client play-fork-run-d188a8e9-ca77-4210-8cd6-53f8849614a6: TaskFinished(6,329,None,true,None)
Sending msg to client play-fork-run-d188a8e9-ca77-4210-8cd6-53f8849614a6: TaskFinished(6,360,None,true,None)
Sending msg to client play-fork-run-d188a8e9-ca77-4210-8cd6-53f8849614a6: TaskFinished(6,332,None,true,None)
Sending msg to client play-fork-run-d188a8e9-ca77-4210-8cd6-53f8849614a6: TaskFinished(6,354,None,true,None)
Sending msg to client play-fork-run-d188a8e9-ca77-4210-8cd6-53f8849614a6: TaskFinished(6,355,None,true,None)
Sending msg to client play-fork-run-d188a8e9-ca77-4210-8cd6-53f8849614a6: TaskFinished(6,319,Some(AttributeKey[sbt.BuildStructure]("buildStructure") in Scope(Global)),true,None)
Sending msg to client play-fork-run-d188a8e9-ca77-4210-8cd6-53f8849614a6: TaskStarted(6,318,Some(AttributeKey[sbt.Settings[sbt.Scope]]("settingsData") in Scope(Global)))
Sending msg to client play-fork-run-d188a8e9-ca77-4210-8cd6-53f8849614a6: TaskFinished(6,335,Some(AttributeKey[java.io.File]("dependencyCacheDirectory") in Scope(Build: file:/C:/Users/Rijos/Documents/GitHub/ragecrate/, , Project: ProjectReference(file:/C:/Users/Rijos/Documents/GitHub/ragecrate/,root))),true,None)
Sending msg to client play-fork-run-d188a8e9-ca77-4210-8cd6-53f8849614a6: TaskFinished(6,340,None,true,None)
Sending msg to client play-fork-run-d188a8e9-ca77-4210-8cd6-53f8849614a6: TaskStarted(6,339,Some(AttributeKey[scala.collection.immutable.Map[sbt.ModuleID,sbt.SourcePosition]]("dependencyPositions") in Scope(Build: file:/C:/Users/Rijos/Documents/GitHub/ragecrate/, , Project: ProjectReference(file:/C:/Users/Rijos/Documents/GitHub/ragecrate/,root))))
Sending msg to client play-fork-run-d188a8e9-ca77-4210-8cd6-53f8849614a6: TaskFinished(6,346,None,true,None)
Sending msg to client play-fork-run-d188a8e9-ca77-4210-8cd6-53f8849614a6: TaskFinished(6,356,Some(AttributeKey[scala.collection.Seq[sbt.UpdateReport]]("transitiveUpdate") in Scope(Build: file:/C:/Users/Rijos/Documents/GitHub/ragecrate/, , Project: ProjectReference(file:/C:/Users/Rijos/Documents/GitHub/ragecrate/,root))),true,None)
Sending msg to client play-fork-run-d188a8e9-ca77-4210-8cd6-53f8849614a6: TaskFinished(6,368,Some(AttributeKey[scala.collection.Seq[scala.Tuple2[java.lang.String,java.io.File]]]("playAllAssets") in Scope(Build: file:/C:/Users/Rijos/Documents/GitHub/ragecrate/, , Project: ProjectReference(file:/C:/Users/Rijos/Documents/GitHub/ragecrate/,root))),true,None)
Sending msg to client play-fork-run-d188a8e9-ca77-4210-8cd6-53f8849614a6: TaskFinished(6,318,Some(AttributeKey[sbt.Settings[sbt.Scope]]("settingsData") in Scope(Global)),true,None)
Sending msg to client play-fork-run-d188a8e9-ca77-4210-8cd6-53f8849614a6: TaskStarted(6,316,Some(AttributeKey[scala.collection.Seq[java.io.File]]("playMonitoredFiles") in Scope(Build: file:/C:/Users/Rijos/Documents/GitHub/ragecrate/, , Project: ProjectReference(file:/C:/Users/Rijos/Documents/GitHub/ragecrate/,root))))
Sending msg to client play-fork-run-d188a8e9-ca77-4210-8cd6-53f8849614a6: TaskStarted(6,326,None)
Sending msg to client play-fork-run-d188a8e9-ca77-4210-8cd6-53f8849614a6: TaskStarted(6,336,None)
Sending msg to client play-fork-run-d188a8e9-ca77-4210-8cd6-53f8849614a6: TaskStarted(6,344,Some(AttributeKey[scala.collection.Seq[sbt.ModuleID]]("projectDependencies") in Scope(Build: file:/C:/Users/Rijos/Documents/GitHub/ragecrate/, , Project: ProjectReference(file:/C:/Users/Rijos/Documents/GitHub/ragecrate/,root))))
Sending msg to client play-fork-run-d188a8e9-ca77-4210-8cd6-53f8849614a6: TaskStarted(6,353,Some(AttributeKey[scala.collection.immutable.Map[org.apache.ivy.core.module.id.ModuleRevisionId,org.apache.ivy.core.module.descriptor.ModuleDescriptor]]("projectDescriptors") in Scope(Build: file:/C:/Users/Rijos/Documents/GitHub/ragecrate/, , Project: ProjectReference(file:/C:/Users/Rijos/Documents/GitHub/ragecrate/,root))))
Sending msg to client play-fork-run-d188a8e9-ca77-4210-8cd6-53f8849614a6: TaskFinished(6,339,Some(AttributeKey[scala.collection.immutable.Map[sbt.ModuleID,sbt.SourcePosition]]("dependencyPositions") in Scope(Build: file:/C:/Users/Rijos/Documents/GitHub/ragecrate/, , Project: ProjectReference(file:/C:/Users/Rijos/Documents/GitHub/ragecrate/,root))),true,None)
Sending msg to client play-fork-run-d188a8e9-ca77-4210-8cd6-53f8849614a6: TaskStarted(6,338,Some(AttributeKey[sbt.UnresolvedWarningConfiguration]("unresolvedWarningConfiguration") in Scope(Build: file:/C:/Users/Rijos/Documents/GitHub/ragecrate/, , Project: ProjectReference(file:/C:/Users/Rijos/Documents/GitHub/ragecrate/,root), Task: AttributeKey[sbt.UpdateReport]("update"))))
Sending msg to client play-fork-run-d188a8e9-ca77-4210-8cd6-53f8849614a6: TaskStarted(6,374,None)
Sending msg to client play-fork-run-d188a8e9-ca77-4210-8cd6-53f8849614a6: TaskStarted(6,375,None)
Sending msg to client play-fork-run-d188a8e9-ca77-4210-8cd6-53f8849614a6: TaskStarted(6,377,None)
Sending msg to client play-fork-run-d188a8e9-ca77-4210-8cd6-53f8849614a6: TaskStarted(6,379,None)
Sending msg to client play-fork-run-d188a8e9-ca77-4210-8cd6-53f8849614a6: TaskStarted(6,380,None)
Sending msg to client play-fork-run-d188a8e9-ca77-4210-8cd6-53f8849614a6: TaskStarted(6,381,None)
Sending msg to client play-fork-run-d188a8e9-ca77-4210-8cd6-53f8849614a6: TaskStarted(6,382,None)
Sending msg to client play-fork-run-d188a8e9-ca77-4210-8cd6-53f8849614a6: TaskFinished(6,344,Some(AttributeKey[scala.collection.Seq[sbt.ModuleID]]("projectDependencies") in Scope(Build: file:/C:/Users/Rijos/Documents/GitHub/ragecrate/, , Project: ProjectReference(file:/C:/Users/Rijos/Documents/GitHub/ragecrate/,root))),true,None)
Sending msg to client play-fork-run-d188a8e9-ca77-4210-8cd6-53f8849614a6: TaskStarted(6,343,Some(AttributeKey[scala.collection.Seq[sbt.ModuleID]]("allDependencies") in Scope(Build: file:/C:/Users/Rijos/Documents/GitHub/ragecrate/, , Project: ProjectReference(file:/C:/Users/Rijos/Documents/GitHub/ragecrate/,root))))
Sending msg to client play-fork-run-d188a8e9-ca77-4210-8cd6-53f8849614a6: TaskStarted(6,384,None)
Sending msg to client play-fork-run-d188a8e9-ca77-4210-8cd6-53f8849614a6: TaskFinished(6,338,Some(AttributeKey[sbt.UnresolvedWarningConfiguration]("unresolvedWarningConfiguration") in Scope(Build: file:/C:/Users/Rijos/Documents/GitHub/ragecrate/, , Project: ProjectReference(file:/C:/Users/Rijos/Documents/GitHub/ragecrate/,root), Task: AttributeKey[sbt.UpdateReport]("update"))),true,None)
Sending msg to client play-fork-run-d188a8e9-ca77-4210-8cd6-53f8849614a6: TaskFinished(6,374,None,true,None)
Sending msg to client play-fork-run-d188a8e9-ca77-4210-8cd6-53f8849614a6: TaskFinished(6,375,None,true,None)
Sending msg to client play-fork-run-d188a8e9-ca77-4210-8cd6-53f8849614a6: TaskStarted(6,373,Some(AttributeKey[scala.collection.Seq[sbt.Attributed[java.io.File]]]("unmanagedJars") in Scope(Build: file:/C:/Users/Rijos/Documents/GitHub/ragecrate/, , Project: ProjectReference(file:/C:/Users/Rijos/Documents/GitHub/ragecrate/,root), Config: compile)))
Sending msg to client play-fork-run-d188a8e9-ca77-4210-8cd6-53f8849614a6: TaskFinished(6,377,None,true,None)
Sending msg to client play-fork-run-d188a8e9-ca77-4210-8cd6-53f8849614a6: TaskStarted(6,376,None)
Sending msg to client play-fork-run-d188a8e9-ca77-4210-8cd6-53f8849614a6: TaskFinished(6,379,None,true,None)
Sending msg to client play-fork-run-d188a8e9-ca77-4210-8cd6-53f8849614a6: TaskFinished(6,380,None,true,None)
Sending msg to client play-fork-run-d188a8e9-ca77-4210-8cd6-53f8849614a6: TaskStarted(6,378,Some(AttributeKey[scala.collection.Seq[sbt.Attributed[java.io.File]]]("unmanagedJars") in Scope(Build: file:/C:/Users/Rijos/Documents/GitHub/ragecrate/, , Project: ProjectReference(file:/C:/Users/Rijos/Documents/GitHub/ragecrate/,root), Config: runtime)))
Sending msg to client play-fork-run-d188a8e9-ca77-4210-8cd6-53f8849614a6: TaskFinished(6,382,None,true,None)
Sending msg to client play-fork-run-d188a8e9-ca77-4210-8cd6-53f8849614a6: TaskFinished(6,336,None,true,None)
Sending msg to client play-fork-run-d188a8e9-ca77-4210-8cd6-53f8849614a6: TaskFinished(6,343,Some(AttributeKey[scala.collection.Seq[sbt.ModuleID]]("allDependencies") in Scope(Build: file:/C:/Users/Rijos/Documents/GitHub/ragecrate/, , Project: ProjectReference(file:/C:/Users/Rijos/Documents/GitHub/ragecrate/,root))),true,None)
Sending msg to client play-fork-run-d188a8e9-ca77-4210-8cd6-53f8849614a6: TaskStarted(6,342,Some(AttributeKey[sbt.ModuleSettings]("moduleSettings") in Scope(Build: file:/C:/Users/Rijos/Documents/GitHub/ragecrate/, , Project: ProjectReference(file:/C:/Users/Rijos/Documents/GitHub/ragecrate/,root))))
Sending msg to client play-fork-run-d188a8e9-ca77-4210-8cd6-53f8849614a6: TaskFinished(6,384,None,true,None)
Sending msg to client play-fork-run-d188a8e9-ca77-4210-8cd6-53f8849614a6: TaskStarted(6,383,None)
Sending msg to client play-fork-run-d188a8e9-ca77-4210-8cd6-53f8849614a6: TaskFinished(6,381,None,true,None)
Sending msg to client play-fork-run-d188a8e9-ca77-4210-8cd6-53f8849614a6: TaskFinished(6,316,Some(AttributeKey[scala.collection.Seq[java.io.File]]("playMonitoredFiles") in Scope(Build: file:/C:/Users/Rijos/Documents/GitHub/ragecrate/, , Project: ProjectReference(file:/C:/Users/Rijos/Documents/GitHub/ragecrate/,root))),true,None)
Sending msg to client play-fork-run-d188a8e9-ca77-4210-8cd6-53f8849614a6: TaskStarted(6,385,None)
Sending msg to client play-fork-run-d188a8e9-ca77-4210-8cd6-53f8849614a6: TaskFinished(6,373,Some(AttributeKey[scala.collection.Seq[sbt.Attributed[java.io.File]]]("unmanagedJars") in Scope(Build: file:/C:/Users/Rijos/Documents/GitHub/ragecrate/, , Project: ProjectReference(file:/C:/Users/Rijos/Documents/GitHub/ragecrate/,root), Config: compile)),true,None)
Sending msg to client play-fork-run-d188a8e9-ca77-4210-8cd6-53f8849614a6: TaskFinished(6,342,Some(AttributeKey[sbt.ModuleSettings]("moduleSettings") in Scope(Build: file:/C:/Users/Rijos/Documents/GitHub/ragecrate/, , Project: ProjectReference(file:/C:/Users/Rijos/Documents/GitHub/ragecrate/,root))),true,None)
Sending msg to client play-fork-run-d188a8e9-ca77-4210-8cd6-53f8849614a6: TaskFinished(6,383,None,true,None)
Sending msg to client play-fork-run-d188a8e9-ca77-4210-8cd6-53f8849614a6: TaskFinished(6,353,Some(AttributeKey[scala.collection.immutable.Map[org.apache.ivy.core.module.id.ModuleRevisionId,org.apache.ivy.core.module.descriptor.ModuleDescriptor]]("projectDescriptors") in Scope(Build: file:/C:/Users/Rijos/Documents/GitHub/ragecrate/, , Project: ProjectReference(file:/C:/Users/Rijos/Documents/GitHub/ragecrate/,root))),true,None)
Sending msg to client play-fork-run-d188a8e9-ca77-4210-8cd6-53f8849614a6: TaskStarted(6,352,Some(AttributeKey[sbt.Resolver]("projectResolver") in Scope(Build: file:/C:/Users/Rijos/Documents/GitHub/ragecrate/, , Project: ProjectReference(file:/C:/Users/Rijos/Documents/GitHub/ragecrate/,root))))
Sending msg to client play-fork-run-d188a8e9-ca77-4210-8cd6-53f8849614a6: TaskFinished(6,378,Some(AttributeKey[scala.collection.Seq[sbt.Attributed[java.io.File]]]("unmanagedJars") in Scope(Build: file:/C:/Users/Rijos/Documents/GitHub/ragecrate/, , Project: ProjectReference(file:/C:/Users/Rijos/Documents/GitHub/ragecrate/,root), Config: runtime)),true,None)
Sending msg to client play-fork-run-d188a8e9-ca77-4210-8cd6-53f8849614a6: TaskFinished(6,385,None,true,None)
Sending msg to client play-fork-run-d188a8e9-ca77-4210-8cd6-53f8849614a6: TaskFinished(6,376,None,true,None)
Sending msg to client play-fork-run-d188a8e9-ca77-4210-8cd6-53f8849614a6: TaskStarted(6,372,Some(AttributeKey[scala.collection.Seq[sbt.Attributed[java.io.File]]]("unmanagedJars") in Scope(Build: file:/C:/Users/Rijos/Documents/GitHub/ragecrate/, , Project: ProjectReference(file:/C:/Users/Rijos/Documents/GitHub/ragecrate/,root), Config: compile)))
Sending msg to client play-fork-run-d188a8e9-ca77-4210-8cd6-53f8849614a6: TaskFinished(6,352,Some(AttributeKey[sbt.Resolver]("projectResolver") in Scope(Build: file:/C:/Users/Rijos/Documents/GitHub/ragecrate/, , Project: ProjectReference(file:/C:/Users/Rijos/Documents/GitHub/ragecrate/,root))),true,None)
Sending msg to client play-fork-run-d188a8e9-ca77-4210-8cd6-53f8849614a6: TaskStarted(6,349,Some(AttributeKey[scala.collection.Seq[sbt.Resolver]]("fullResolvers") in Scope(Build: file:/C:/Users/Rijos/Documents/GitHub/ragecrate/, , Project: ProjectReference(file:/C:/Users/Rijos/Documents/GitHub/ragecrate/,root))))
Sending msg to client play-fork-run-d188a8e9-ca77-4210-8cd6-53f8849614a6: TaskFinished(6,372,Some(AttributeKey[scala.collection.Seq[sbt.Attributed[java.io.File]]]("unmanagedJars") in Scope(Build: file:/C:/Users/Rijos/Documents/GitHub/ragecrate/, , Project: ProjectReference(file:/C:/Users/Rijos/Documents/GitHub/ragecrate/,root), Config: compile)),true,None)
Sending msg to client play-fork-run-d188a8e9-ca77-4210-8cd6-53f8849614a6: TaskStarted(6,371,None)
Sending msg to client play-fork-run-d188a8e9-ca77-4210-8cd6-53f8849614a6: TaskFinished(6,349,Some(AttributeKey[scala.collection.Seq[sbt.Resolver]]("fullResolvers") in Scope(Build: file:/C:/Users/Rijos/Documents/GitHub/ragecrate/, , Project: ProjectReference(file:/C:/Users/Rijos/Documents/GitHub/ragecrate/,root))),true,None)
Sending msg to client play-fork-run-d188a8e9-ca77-4210-8cd6-53f8849614a6: TaskStarted(6,348,Some(AttributeKey[sbt.IvyConfiguration]("ivyConfiguration") in Scope(Build: file:/C:/Users/Rijos/Documents/GitHub/ragecrate/, , Project: ProjectReference(file:/C:/Users/Rijos/Documents/GitHub/ragecrate/,root))))
Sending msg to client play-fork-run-d188a8e9-ca77-4210-8cd6-53f8849614a6: TaskFinished(6,371,None,true,None)
Sending msg to client play-fork-run-d188a8e9-ca77-4210-8cd6-53f8849614a6: TaskStarted(6,370,None)
Sending msg to client play-fork-run-d188a8e9-ca77-4210-8cd6-53f8849614a6: TaskFinished(6,348,Some(AttributeKey[sbt.IvyConfiguration]("ivyConfiguration") in Scope(Build: file:/C:/Users/Rijos/Documents/GitHub/ragecrate/, , Project: ProjectReference(file:/C:/Users/Rijos/Documents/GitHub/ragecrate/,root))),true,None)
Sending msg to client play-fork-run-d188a8e9-ca77-4210-8cd6-53f8849614a6: TaskStarted(6,345,Some(AttributeKey[sbt.IvySbt]("ivySbt") in Scope(Build: file:/C:/Users/Rijos/Documents/GitHub/ragecrate/, , Project: ProjectReference(file:/C:/Users/Rijos/Documents/GitHub/ragecrate/,root))))
Sending msg to client play-fork-run-d188a8e9-ca77-4210-8cd6-53f8849614a6: TaskFinished(6,370,None,true,None)
Sending msg to client play-fork-run-d188a8e9-ca77-4210-8cd6-53f8849614a6: TaskFinished(6,326,None,true,None)
Sending msg to client play-fork-run-d188a8e9-ca77-4210-8cd6-53f8849614a6: TaskStarted(6,325,Some(AttributeKey[scala.collection.Seq[sbt.Attributed[java.io.File]]]("unmanagedClasspath") in Scope(Build: file:/C:/Users/Rijos/Documents/GitHub/ragecrate/, , Project: ProjectReference(file:/C:/Users/Rijos/Documents/GitHub/ragecrate/,root), Config: runtime)))
Sending msg to client play-fork-run-d188a8e9-ca77-4210-8cd6-53f8849614a6: TaskFinished(6,345,Some(AttributeKey[sbt.IvySbt]("ivySbt") in Scope(Build: file:/C:/Users/Rijos/Documents/GitHub/ragecrate/, , Project: ProjectReference(file:/C:/Users/Rijos/Documents/GitHub/ragecrate/,root))),true,None)
Sending msg to client play-fork-run-d188a8e9-ca77-4210-8cd6-53f8849614a6: TaskStarted(6,341,Some(AttributeKey[sbt.IvySbt$Module]("ivyModule") in Scope(Build: file:/C:/Users/Rijos/Documents/GitHub/ragecrate/, , Project: ProjectReference(file:/C:/Users/Rijos/Documents/GitHub/ragecrate/,root))))
Sending msg to client play-fork-run-d188a8e9-ca77-4210-8cd6-53f8849614a6: TaskFinished(6,325,Some(AttributeKey[scala.collection.Seq[sbt.Attributed[java.io.File]]]("unmanagedClasspath") in Scope(Build: file:/C:/Users/Rijos/Documents/GitHub/ragecrate/, , Project: ProjectReference(file:/C:/Users/Rijos/Documents/GitHub/ragecrate/,root), Config: runtime)),true,None)
Sending msg to client play-fork-run-d188a8e9-ca77-4210-8cd6-53f8849614a6: TaskFinished(6,341,Some(AttributeKey[sbt.IvySbt$Module]("ivyModule") in Scope(Build: file:/C:/Users/Rijos/Documents/GitHub/ragecrate/, , Project: ProjectReference(file:/C:/Users/Rijos/Documents/GitHub/ragecrate/,root))),true,None)
Sending msg to client play-fork-run-d188a8e9-ca77-4210-8cd6-53f8849614a6: TaskStarted(6,333,Some(AttributeKey[sbt.UpdateReport]("update") in Scope(Build: file:/C:/Users/Rijos/Documents/GitHub/ragecrate/, , Project: ProjectReference(file:/C:/Users/Rijos/Documents/GitHub/ragecrate/,root))))
Sending msg to client play-fork-run-d188a8e9-ca77-4210-8cd6-53f8849614a6: TaskFinished(6,333,Some(AttributeKey[sbt.UpdateReport]("update") in Scope(Build: file:/C:/Users/Rijos/Documents/GitHub/ragecrate/, , Project: ProjectReference(file:/C:/Users/Rijos/Documents/GitHub/ragecrate/,root))),true,None)
Sending msg to client play-fork-run-d188a8e9-ca77-4210-8cd6-53f8849614a6: TaskStarted(6,331,Some(AttributeKey[sbt.UpdateReport]("update") in Scope(Build: file:/C:/Users/Rijos/Documents/GitHub/ragecrate/, , Project: ProjectReference(file:/C:/Users/Rijos/Documents/GitHub/ragecrate/,root))))
Sending msg to client play-fork-run-d188a8e9-ca77-4210-8cd6-53f8849614a6: TaskFinished(6,331,Some(AttributeKey[sbt.UpdateReport]("update") in Scope(Build: file:/C:/Users/Rijos/Documents/GitHub/ragecrate/, , Project: ProjectReference(file:/C:/Users/Rijos/Documents/GitHub/ragecrate/,root))),true,None)
Sending msg to client play-fork-run-d188a8e9-ca77-4210-8cd6-53f8849614a6: TaskStarted(6,363,Some(AttributeKey[sbt.Configuration]("classpathConfiguration") in Scope(Build: file:/C:/Users/Rijos/Documents/GitHub/ragecrate/, , Project: ProjectReference(file:/C:/Users/Rijos/Documents/GitHub/ragecrate/,root), Config: compile)))
Sending msg to client play-fork-run-d188a8e9-ca77-4210-8cd6-53f8849614a6: TaskStarted(6,366,Some(AttributeKey[scala.collection.Seq[sbt.Attributed[java.io.File]]]("managedClasspath") in Scope(Build: file:/C:/Users/Rijos/Documents/GitHub/ragecrate/, , Project: ProjectReference(file:/C:/Users/Rijos/Documents/GitHub/ragecrate/,root), Config: docs)))
Sending msg to client play-fork-run-d188a8e9-ca77-4210-8cd6-53f8849614a6: TaskFinished(6,363,Some(AttributeKey[sbt.Configuration]("classpathConfiguration") in Scope(Build: file:/C:/Users/Rijos/Documents/GitHub/ragecrate/, , Project: ProjectReference(file:/C:/Users/Rijos/Documents/GitHub/ragecrate/,root), Config: compile)),true,None)
Sending msg to client play-fork-run-d188a8e9-ca77-4210-8cd6-53f8849614a6: TaskStarted(6,362,None)
Sending msg to client play-fork-run-d188a8e9-ca77-4210-8cd6-53f8849614a6: TaskFinished(6,366,Some(AttributeKey[scala.collection.Seq[sbt.Attributed[java.io.File]]]("managedClasspath") in Scope(Build: file:/C:/Users/Rijos/Documents/GitHub/ragecrate/, , Project: ProjectReference(file:/C:/Users/Rijos/Documents/GitHub/ragecrate/,root), Config: docs)),true,None)
Sending msg to client play-fork-run-d188a8e9-ca77-4210-8cd6-53f8849614a6: TaskStarted(6,365,Some(AttributeKey[scala.Option[java.io.File]]("playDocsJar") in Scope(Build: file:/C:/Users/Rijos/Documents/GitHub/ragecrate/, , Project: ProjectReference(file:/C:/Users/Rijos/Documents/GitHub/ragecrate/,root))))
Sending msg to client play-fork-run-d188a8e9-ca77-4210-8cd6-53f8849614a6: TaskFinished(6,362,None,true,None)
Sending msg to client play-fork-run-d188a8e9-ca77-4210-8cd6-53f8849614a6: TaskStarted(6,361,Some(AttributeKey[sbt.Configuration]("classpathConfiguration") in Scope(Build: file:/C:/Users/Rijos/Documents/GitHub/ragecrate/, , Project: ProjectReference(file:/C:/Users/Rijos/Documents/GitHub/ragecrate/,root), Config: runtime)))
Sending msg to client play-fork-run-d188a8e9-ca77-4210-8cd6-53f8849614a6: TaskFinished(6,361,Some(AttributeKey[sbt.Configuration]("classpathConfiguration") in Scope(Build: file:/C:/Users/Rijos/Documents/GitHub/ragecrate/, , Project: ProjectReference(file:/C:/Users/Rijos/Documents/GitHub/ragecrate/,root), Config: runtime)),true,None)
Sending msg to client play-fork-run-d188a8e9-ca77-4210-8cd6-53f8849614a6: TaskStarted(6,330,None)
Sending msg to client play-fork-run-d188a8e9-ca77-4210-8cd6-53f8849614a6: TaskFinished(6,365,Some(AttributeKey[scala.Option[java.io.File]]("playDocsJar") in Scope(Build: file:/C:/Users/Rijos/Documents/GitHub/ragecrate/, , Project: ProjectReference(file:/C:/Users/Rijos/Documents/GitHub/ragecrate/,root))),true,None)
Sending msg to client play-fork-run-d188a8e9-ca77-4210-8cd6-53f8849614a6: TaskFinished(6,330,None,true,None)
Sending msg to client play-fork-run-d188a8e9-ca77-4210-8cd6-53f8849614a6: TaskStarted(6,328,Some(AttributeKey[scala.collection.Seq[sbt.Attributed[java.io.File]]]("managedClasspath") in Scope(Build: file:/C:/Users/Rijos/Documents/GitHub/ragecrate/, , Project: ProjectReference(file:/C:/Users/Rijos/Documents/GitHub/ragecrate/,root), Config: runtime)))
Sending msg to client play-fork-run-d188a8e9-ca77-4210-8cd6-53f8849614a6: TaskFinished(6,328,Some(AttributeKey[scala.collection.Seq[sbt.Attributed[java.io.File]]]("managedClasspath") in Scope(Build: file:/C:/Users/Rijos/Documents/GitHub/ragecrate/, , Project: ProjectReference(file:/C:/Users/Rijos/Documents/GitHub/ragecrate/,root), Config: runtime)),true,None)
Sending msg to client play-fork-run-d188a8e9-ca77-4210-8cd6-53f8849614a6: TaskStarted(6,324,None)
Sending msg to client play-fork-run-d188a8e9-ca77-4210-8cd6-53f8849614a6: TaskFinished(6,324,None,true,None)
Sending msg to client play-fork-run-d188a8e9-ca77-4210-8cd6-53f8849614a6: TaskStarted(6,321,Some(AttributeKey[scala.collection.Seq[sbt.Attributed[java.io.File]]]("playDependencyClasspath") in Scope(Build: file:/C:/Users/Rijos/Documents/GitHub/ragecrate/, , Project: ProjectReference(file:/C:/Users/Rijos/Documents/GitHub/ragecrate/,root))))
Sending msg to client play-fork-run-d188a8e9-ca77-4210-8cd6-53f8849614a6: TaskFinished(6,321,Some(AttributeKey[scala.collection.Seq[sbt.Attributed[java.io.File]]]("playDependencyClasspath") in Scope(Build: file:/C:/Users/Rijos/Documents/GitHub/ragecrate/, , Project: ProjectReference(file:/C:/Users/Rijos/Documents/GitHub/ragecrate/,root))),true,None)
Sending msg to client play-fork-run-d188a8e9-ca77-4210-8cd6-53f8849614a6: TaskStarted(6,314,Some(AttributeKey[play.forkrun.protocol.ForkConfig]("playForkConfig") in Scope(Build: file:/C:/Users/Rijos/Documents/GitHub/ragecrate/, , Project: ProjectReference(file:/C:/Users/Rijos/Documents/GitHub/ragecrate/,root))))
Sending msg to client play-fork-run-d188a8e9-ca77-4210-8cd6-53f8849614a6: TaskFinished(6,314,Some(AttributeKey[play.forkrun.protocol.ForkConfig]("playForkConfig") in Scope(Build: file:/C:/Users/Rijos/Documents/GitHub/ragecrate/, , Project: ProjectReference(file:/C:/Users/Rijos/Documents/GitHub/ragecrate/,root))),true,None)
Sending msg to client play-fork-run-d188a8e9-ca77-4210-8cd6-53f8849614a6: ValueChanged(AttributeKey[play.forkrun.protocol.ForkConfig]("playForkConfig") in Scope(Build: file:/C:/Users/Rijos/Documents/GitHub/ragecrate/, , Project: ProjectReference(file:/C:/Users/Rijos/Documents/GitHub/ragecrate/,root)),TaskSuccess(BuildValue(LazyValue(ForkConfig(C:\Users\Rijos\Documents\GitHub\ragecrate,List(),List(C:\Users\Rijos\.ivy2\cache\org.scala-lang\scala-library\jars\scala-library-2.11.6.jar, C:\Users\Rijos\.ivy2\cache\com.typesafe.play\twirl-api_2.11\jars\twirl-api_2.11-1.1.1.jar, C:\Users\Rijos\.ivy2\cache\org.apache.commons\commons-lang3\jars\commons-lang3-3.4.jar, C:\Users\Rijos\.ivy2\cache\org.scala-lang.modules\scala-xml_2.11\bundles\scala-xml_2.11-1.0.1.jar, C:\Users\Rijos\.ivy2\cache\com.typesafe.play\play-enhancer\jars\play-enhancer-1.1.0.jar, C:\Users\Rijos\.ivy2\cache\com.typesafe.play\play-server_2.11\jars\play-server_2.11-2.4.6.jar, C:\Users\Rijos\.ivy2\cache\com.typesafe.play\play_2.11\jars\play_2.11-2.4.6.jar, C:\Users\Rijos\.ivy2\cache\com.typesafe.play\build-link\jars\build-link-2.4.6.jar, C:\Users\Rijos\.ivy2\cache\com.typesafe.play\play-exceptions\jars\play-exceptions-2.4.6.jar, C:\Users\Rijos\.ivy2\cache\org.javassist\javassist\bundles\javassist-3.19.0-GA.jar, C:\Users\Rijos\.ivy2\cache\com.typesafe.play\play-iteratees_2.11\jars\play-iteratees_2.11-2.4.6.jar, C:\Users\Rijos\.ivy2\cache\org.scala-stm\scala-stm_2.11\jars\scala-stm_2.11-0.7.jar, C:\Users\Rijos\.ivy2\cache\com.typesafe\config\bundles\config-1.3.0.jar, C:\Users\Rijos\.ivy2\cache\com.typesafe.play\play-json_2.11\jars\play-json_2.11-2.4.6.jar, C:\Users\Rijos\.ivy2\cache\com.typesafe.play\play-functional_2.11\jars\play-functional_2.11-2.4.6.jar, C:\Users\Rijos\.ivy2\cache\com.typesafe.play\play-datacommons_2.11\jars\play-datacommons_2.11-2.4.6.jar, C:\Users\Rijos\.ivy2\cache\joda-time\joda-time\jars\joda-time-2.8.1.jar, C:\Users\Rijos\.ivy2\cache\org.joda\joda-convert\jars\joda-convert-1.7.jar, C:\Users\Rijos\.ivy2\cache\org.scala-lang\scala-reflect\jars\scala-reflect-2.11.6.jar, C:\Users\Rijos\.ivy2\cache\com.fasterxml.jackson.core\jackson-core\bundles\jackson-core-2.5.4.jar, C:\Users\Rijos\.ivy2\cache\com.fasterxml.jackson.core\jackson-annotations\bundles\jackson-annotations-2.5.4.jar, C:\Users\Rijos\.ivy2\cache\com.fasterxml.jackson.core\jackson-databind\bundles\jackson-databind-2.5.4.jar, C:\Users\Rijos\.ivy2\cache\com.fasterxml.jackson.datatype\jackson-datatype-jdk8\bundles\jackson-datatype-jdk8-2.5.4.jar, C:\Users\Rijos\.ivy2\cache\com.fasterxml.jackson.datatype\jackson-datatype-jsr310\bundles\jackson-datatype-jsr310-2.5.4.jar, C:\Users\Rijos\.ivy2\cache\com.typesafe.play\play-netty-utils\jars\play-netty-utils-2.4.6.jar, C:\Users\Rijos\.ivy2\cache\org.slf4j\slf4j-api\jars\slf4j-api-1.7.12.jar, C:\Users\Rijos\.ivy2\cache\org.slf4j\jul-to-slf4j\jars\jul-to-slf4j-1.7.12.jar, C:\Users\Rijos\.ivy2\cache\org.slf4j\jcl-over-slf4j\jars\jcl-over-slf4j-1.7.12.jar, C:\Users\Rijos\.ivy2\cache\org.scala-lang.modules\scala-parser-combinators_2.11\bundles\scala-parser-combinators_2.11-1.0.1.jar, C:\Users\Rijos\.ivy2\cache\ch.qos.logback\logback-core\jars\logback-core-1.1.3.jar, C:\Users\Rijos\.ivy2\cache\ch.qos.logback\logback-classic\jars\logback-classic-1.1.3.jar, C:\Users\Rijos\.ivy2\cache\com.typesafe.akka\akka-actor_2.11\jars\akka-actor_2.11-2.3.13.jar, C:\Users\Rijos\.ivy2\cache\com.typesafe.akka\akka-slf4j_2.11\jars\akka-slf4j_2.11-2.3.13.jar, C:\Users\Rijos\.ivy2\cache\commons-codec\commons-codec\jars\commons-codec-1.10.jar, C:\Users\Rijos\.ivy2\cache\xerces\xercesImpl\jars\xercesImpl-2.11.0.jar, C:\Users\Rijos\.ivy2\cache\xml-apis\xml-apis\jars\xml-apis-1.4.01.jar, C:\Users\Rijos\.ivy2\cache\javax.transaction\jta\jars\jta-1.1.jar, C:\Users\Rijos\.ivy2\cache\com.google.inject\guice\jars\guice-4.0.jar, C:\Users\Rijos\.ivy2\cache\javax.inject\javax.inject\jars\javax.inject-1.jar, C:\Users\Rijos\.ivy2\cache\aopalliance\aopalliance\jars\aopalliance-1.0.jar, C:\Users\Rijos\.ivy2\cache\com.google.inject.extensions\guice-assistedinject\jars\guice-assistedinject-4.0.jar, C:\Users\Rijos\.ivy2\cache\com.typesafe.play\play-java_2.11\jars\play-java_2.11-2.4.6.jar, C:\Users\Rijos\.ivy2\cache\org.scala-lang.modules\scala-java8-compat_2.11\bundles\scala-java8-compat_2.11-0.3.0.jar, C:\Users\Rijos\.ivy2\cache\org.yaml\snakeyaml\bundles\snakeyaml-1.15.jar, C:\Users\Rijos\.ivy2\cache\org.hibernate\hibernate-validator\jars\hibernate-validator-5.0.3.Final.jar, C:\Users\Rijos\.ivy2\cache\javax.validation\validation-api\jars\validation-api-1.1.0.Final.jar, C:\Users\Rijos\.ivy2\cache\com.fasterxml\classmate\bundles\classmate-1.0.0.jar, C:\Users\Rijos\.ivy2\cache\org.jboss.logging\jboss-logging\jars\jboss-logging-3.2.1.Final.jar, C:\Users\Rijos\.ivy2\cache\org.springframework\spring-context\jars\spring-context-4.1.6.RELEASE.jar, C:\Users\Rijos\.ivy2\cache\org.springframework\spring-core\jars\spring-core-4.1.6.RELEASE.jar, C:\Users\Rijos\.ivy2\cache\org.springframework\spring-beans\jars\spring-beans-4.1.6.RELEASE.jar, C:\Users\Rijos\.ivy2\cache\org.reflections\reflections\jars\reflections-0.9.9.jar, C:\Users\Rijos\.ivy2\cache\com.google.guava\guava\bundles\guava-18.0.jar, C:\Users\Rijos\.ivy2\cache\net.jodah\typetools\bundles\typetools-0.4.3.jar, C:\Users\Rijos\.ivy2\cache\com.google.code.findbugs\jsr305\jars\jsr305-2.0.3.jar, C:\Users\Rijos\.ivy2\cache\org.apache.tomcat\tomcat-servlet-api\jars\tomcat-servlet-api-8.0.21.jar, C:\Users\Rijos\.ivy2\cache\com.typesafe.play\play-netty-server_2.11\jars\play-netty-server_2.11-2.4.6.jar, C:\Users\Rijos\.ivy2\cache\io.netty\netty\bundles\netty-3.10.4.Final.jar, C:\Users\Rijos\.ivy2\cache\com.typesafe.netty\netty-http-pipelining\jars\netty-http-pipelining-1.1.4.jar, C:\Users\Rijos\.ivy2\cache\com.typesafe.play\play-java-jdbc_2.11\jars\play-java-jdbc_2.11-2.4.6.jar, C:\Users\Rijos\.ivy2\cache\com.typesafe.play\play-jdbc_2.11\jars\play-jdbc_2.11-2.4.6.jar, C:\Users\Rijos\.ivy2\cache\com.typesafe.play\play-jdbc-api_2.11\jars\play-jdbc-api_2.11-2.4.6.jar, C:\Users\Rijos\.ivy2\cache\com.jolbox\bonecp\bundles\bonecp-0.8.0.RELEASE.jar, C:\Users\Rijos\.ivy2\cache\com.zaxxer\HikariCP\bundles\HikariCP-2.3.7.jar, C:\Users\Rijos\.ivy2\cache\com.h2database\h2\jars\h2-1.4.187.jar, C:\Users\Rijos\.ivy2\cache\tyrex\tyrex\jars\tyrex-1.0.1.jar, C:\Users\Rijos\.ivy2\cache\com.typesafe.play\play-cache_2.11\jars\play-cache_2.11-2.4.6.jar, C:\Users\Rijos\.ivy2\cache\net.sf.ehcache\ehcache-core\jars\ehcache-core-2.6.11.jar, C:\Users\Rijos\.ivy2\cache\com.typesafe.play\play-java-ws_2.11\jars\play-java-ws_2.11-2.4.6.jar, C:\Users\Rijos\.ivy2\cache\com.typesafe.play\play-ws_2.11\jars\play-ws_2.11-2.4.6.jar, C:\Users\Rijos\.ivy2\cache\com.ning\async-http-client\jars\async-http-client-1.9.21.jar, C:\Users\Rijos\.ivy2\cache\oauth.signpost\signpost-core\jars\signpost-core-1.2.1.2.jar, C:\Users\Rijos\.ivy2\cache\oauth.signpost\signpost-commonshttp4\jars\signpost-commonshttp4-1.2.1.2.jar, C:\Users\Rijos\.ivy2\cache\org.apache.httpcomponents\httpcore\jars\httpcore-4.0.1.jar, C:\Users\Rijos\.ivy2\cache\org.apache.httpcomponents\httpclient\jars\httpclient-4.0.1.jar, C:\Users\Rijos\.ivy2\cache\commons-logging\commons-logging\jars\commons-logging-1.1.1.jar, C:\Users\Rijos\.ivy2\cache\org.webjars\font-awesome\jars\font-awesome-4.5.0.jar, C:\Users\Rijos\.ivy2\cache\org.webjars\webjars-play_2.11\jars\webjars-play_2.11-2.4.0-1.jar, C:\Users\Rijos\.ivy2\cache\org.webjars\requirejs\jars\requirejs-2.1.15.jar, C:\Users\Rijos\.ivy2\cache\org.webjars\webjars-locator\jars\webjars-locator-0.23.jar, C:\Users\Rijos\.ivy2\cache\org.webjars\webjars-locator-core\jars\webjars-locator-core-0.22.jar, C:\Users\Rijos\.ivy2\cache\org.webjars\bootstrap\jars\bootstrap-4.0.0-alpha.2.jar, C:\Users\Rijos\.ivy2\cache\org.webjars\jquery\jars\jquery-1.11.1.jar),List((public/,C:\Users\Rijos\Documents\GitHub\ragecrate\target\web\public\main)),List(C:\Users\Rijos\.ivy2\cache\com.typesafe.play\play-omnidoc_2.11\jars\play-omnidoc_2.11-2.4.6.jar, C:\Users\Rijos\.ivy2\cache\org.scala-lang\scala-library\jars\scala-library-2.11.6.jar, C:\Users\Rijos\.ivy2\cache\com.typesafe.play\play-docs_2.11\jars\play-docs_2.11-2.4.6.jar, C:\Users\Rijos\.ivy2\cache\com.typesafe.play\play-netty-server_2.11\jars\play-netty-server_2.11-2.4.6.jar, C:\Users\Rijos\.ivy2\cache\com.typesafe.play\play-server_2.11\jars\play-server_2.11-2.4.6.jar, C:\Users\Rijos\.ivy2\cache\com.typesafe.play\play_2.11\jars\play_2.11-2.4.6.jar, C:\Users\Rijos\.ivy2\cache\com.typesafe.play\build-link\jars\build-link-2.4.6.jar, C:\Users\Rijos\.ivy2\cache\com.typesafe.play\play-exceptions\jars\play-exceptions-2.4.6.jar, C:\Users\Rijos\.ivy2\cache\org.javassist\javassist\bundles\javassist-3.19.0-GA.jar, C:\Users\Rijos\.ivy2\cache\com.typesafe.play\play-iteratees_2.11\jars\play-iteratees_2.11-2.4.6.jar, C:\Users\Rijos\.ivy2\cache\org.scala-stm\scala-stm_2.11\jars\scala-stm_2.11-0.7.jar, C:\Users\Rijos\.ivy2\cache\com.typesafe\config\bundles\config-1.3.0.jar, C:\Users\Rijos\.ivy2\cache\com.typesafe.play\play-json_2.11\jars\play-json_2.11-2.4.6.jar, C:\Users\Rijos\.ivy2\cache\com.typesafe.play\play-functional_2.11\jars\play-functional_2.11-2.4.6.jar, C:\Users\Rijos\.ivy2\cache\com.typesafe.play\play-datacommons_2.11\jars\play-datacommons_2.11-2.4.6.jar, C:\Users\Rijos\.ivy2\cache\joda-time\joda-time\jars\joda-time-2.8.1.jar, C:\Users\Rijos\.ivy2\cache\org.joda\joda-convert\jars\joda-convert-1.7.jar, C:\Users\Rijos\.ivy2\cache\org.scala-lang\scala-reflect\jars\scala-reflect-2.11.6.jar, C:\Users\Rijos\.ivy2\cache\com.fasterxml.jackson.core\jackson-core\bundles\jackson-core-2.5.4.jar, C:\Users\Rijos\.ivy2\cache\com.fasterxml.jackson.core\jackson-annotations\bundles\jackson-annotations-2.5.4.jar, C:\Users\Rijos\.ivy2\cache\com.fasterxml.jackson.core\jackson-databind\bundles\jackson-databind-2.5.4.jar, C:\Users\Rijos\.ivy2\cache\com.fasterxml.jackson.datatype\jackson-datatype-jdk8\bundles\jackson-datatype-jdk8-2.5.4.jar, C:\Users\Rijos\.ivy2\cache\com.fasterxml.jackson.datatype\jackson-datatype-jsr310\bundles\jackson-datatype-jsr310-2.5.4.jar, C:\Users\Rijos\.ivy2\cache\com.typesafe.play\play-netty-utils\jars\play-netty-utils-2.4.6.jar, C:\Users\Rijos\.ivy2\cache\org.slf4j\slf4j-api\jars\slf4j-api-1.7.12.jar, C:\Users\Rijos\.ivy2\cache\org.slf4j\jul-to-slf4j\jars\jul-to-slf4j-1.7.12.jar, C:\Users\Rijos\.ivy2\cache\org.slf4j\jcl-over-slf4j\jars\jcl-over-slf4j-1.7.12.jar, C:\Users\Rijos\.ivy2\cache\com.typesafe.play\twirl-api_2.11\jars\twirl-api_2.11-1.1.1.jar, C:\Users\Rijos\.ivy2\cache\org.apache.commons\commons-lang3\jars\commons-lang3-3.4.jar, C:\Users\Rijos\.ivy2\cache\org.scala-lang.modules\scala-xml_2.11\bundles\scala-xml_2.11-1.0.1.jar, C:\Users\Rijos\.ivy2\cache\org.scala-lang.modules\scala-parser-combinators_2.11\bundles\scala-parser-combinators_2.11-1.0.1.jar, C:\Users\Rijos\.ivy2\cache\ch.qos.logback\logback-core\jars\logback-core-1.1.3.jar, C:\Users\Rijos\.ivy2\cache\ch.qos.logback\logback-classic\jars\logback-classic-1.1.3.jar, C:\Users\Rijos\.ivy2\cache\com.typesafe.akka\akka-actor_2.11\jars\akka-actor_2.11-2.3.13.jar, C:\Users\Rijos\.ivy2\cache\com.typesafe.akka\akka-slf4j_2.11\jars\akka-slf4j_2.11-2.3.13.jar, C:\Users\Rijos\.ivy2\cache\commons-codec\commons-codec\jars\commons-codec-1.10.jar, C:\Users\Rijos\.ivy2\cache\xerces\xercesImpl\jars\xercesImpl-2.11.0.jar, C:\Users\Rijos\.ivy2\cache\xml-apis\xml-apis\jars\xml-apis-1.4.01.jar, C:\Users\Rijos\.ivy2\cache\javax.transaction\jta\jars\jta-1.1.jar, C:\Users\Rijos\.ivy2\cache\com.google.inject\guice\jars\guice-4.0.jar, C:\Users\Rijos\.ivy2\cache\javax.inject\javax.inject\jars\javax.inject-1.jar, C:\Users\Rijos\.ivy2\cache\aopalliance\aopalliance\jars\aopalliance-1.0.jar, C:\Users\Rijos\.ivy2\cache\com.google.guava\guava\bundles\guava-16.0.1.jar, C:\Users\Rijos\.ivy2\cache\com.google.inject.extensions\guice-assistedinject\jars\guice-assistedinject-4.0.jar, C:\Users\Rijos\.ivy2\cache\io.netty\netty\bundles\netty-3.10.4.Final.jar, C:\Users\Rijos\.ivy2\cache\com.typesafe.netty\netty-http-pipelining\jars\netty-http-pipelining-1.1.4.jar, C:\Users\Rijos\.ivy2\cache\com.typesafe.play\play-doc_2.11\jars\play-doc_2.11-1.2.2.jar, C:\Users\Rijos\.ivy2\cache\org.pegdown\pegdown\jars\pegdown-1.4.0.jar, C:\Users\Rijos\.ivy2\cache\org.parboiled\parboiled-java\bundles\parboiled-java-1.1.5.jar, C:\Users\Rijos\.ivy2\cache\org.parboiled\parboiled-core\bundles\parboiled-core-1.1.5.jar, C:\Users\Rijos\.ivy2\cache\org.ow2.asm\asm\jars\asm-4.1.jar, C:\Users\Rijos\.ivy2\cache\org.ow2.asm\asm-tree\jars\asm-tree-4.1.jar, C:\Users\Rijos\.ivy2\cache\org.ow2.asm\asm-analysis\jars\asm-analysis-4.1.jar, C:\Users\Rijos\.ivy2\cache\org.ow2.asm\asm-util\jars\asm-util-4.1.jar, C:\Users\Rijos\.ivy2\cache\commons-io\commons-io\jars\commons-io-2.4.jar),Some(C:\Users\Rijos\.ivy2\cache\com.typesafe.play\play-omnidoc_2.11\jars\play-omnidoc_2.11-2.4.6.jar),List(),9000,0.0.0.0,DefaultWatchService,List(C:\Users\Rijos\Documents\GitHub\ragecrate\public, C:\Users\Rijos\Documents\GitHub\ragecrate\conf, C:\Users\Rijos\Documents\GitHub\ragecrate\app-2.11, C:\Users\Rijos\Documents\GitHub\ragecrate\app),C:\Users\Rijos\Documents\GitHub\ragecrate\target,500,root/playForkNotifyStart,root/playForkReload,300000,play.core.server.DevServerStart),scala.pickling.PicklerUnpickler$DelegatingPicklerUnpickler@100c2f1b),ForkConfig(C:\Users\Rijos\Documents\GitHub\ragecrate,List(),List(C:\Users\Rijos\.ivy2\cache\org.scala-lang\scala-library\jars\scala-library-2.11.6.jar, C:\Users\Rijos\.ivy2\cache\com.typesafe.play\twirl-api_2.11\jars\twirl-api_2.11-1.1.1.jar, C:\Users\Rijos\.ivy2\cache\org.apache.commons\commons-lang3\jars\commons-lang3-3.4.jar, C:\Users\Rijos\.ivy2\cache\org.scala-lang.modules\scala-xml_2.11\bundles\scala-xml_2.11-1.0.1.jar, C:\Users\Rijos\.ivy2\cache\com.typesafe.play\play-enhancer\jars\play-enhancer-1.1.0.jar, C:\Users\Rijos\.ivy2\cache\com.typesafe.play\play-server_2.11\jars\play-server_2.11-2.4.6.jar, C:\Users\Rijos\.ivy2\cache\com.typesafe.play\play_2.11\jars\play_2.11-2.4.6.jar, C:\Users\Rijos\.ivy2\cache\com.typesafe.play\build-link\jars\build-link-2.4.6.jar, C:\Users\Rijos\.ivy2\cache\com.typesafe.play\play-exceptions\jars\play-exceptions-2.4.6.jar, C:\Users\Rijos\.ivy2\cache\org.javassist\javassist\bundles\javassist-3.19.0-GA.jar, C:\Users\Rijos\.ivy2\cache\com.typesafe.play\play-iteratees_2.11\jars\play-iteratees_2.11-2.4.6.jar, C:\Users\Rijos\.ivy2\cache\org.scala-stm\scala-stm_2.11\jars\scala-stm_2.11-0.7.jar, C:\Users\Rijos\.ivy2\cache\com.typesafe\config\bundles\config-1.3.0.jar, C:\Users\Rijos\.ivy2\cache\com.typesafe.play\play-json_2.11\jars\play-json_2.11-2.4.6.jar, C:\Users\Rijos\.ivy2\cache\com.typesafe.play\play-functional_2.11\jars\play-functional_2.11-2.4.6.jar, C:\Users\Rijos\.ivy2\cache\com.typesafe.play\play-datacommons_2.11\jars\play-datacommons_2.11-2.4.6.jar, C:\Users\Rijos\.ivy2\cache\joda-time\joda-time\jars\joda-time-2.8.1.jar, C:\Users\Rijos\.ivy2\cache\org.joda\joda-convert\jars\joda-convert-1.7.jar, C:\Users\Rijos\.ivy2\cache\org.scala-lang\scala-reflect\jars\scala-reflect-2.11.6.jar, C:\Users\Rijos\.ivy2\cache\com.fasterxml.jackson.core\jackson-core\bundles\jackson-core-2.5.4.jar, C:\Users\Rijos\.ivy2\cache\com.fasterxml.jackson.core\jackson-annotations\bundles\jackson-annotations-2.5.4.jar, C:\Users\Rijos\.ivy2\cache\com.fasterxml.jackson.core\jackson-databind\bundles\jackson-databind-2.5.4.jar, C:\Users\Rijos\.ivy2\cache\com.fasterxml.jackson.datatype\jackson-datatype-jdk8\bundles\jackson-datatype-jdk8-2.5.4.jar, C:\Users\Rijos\.ivy2\cache\com.fasterxml.jackson.datatype\jackson-datatype-jsr310\bundles\jackson-datatype-jsr310-2.5.4.jar, C:\Users\Rijos\.ivy2\cache\com.typesafe.play\play-netty-utils\jars\play-netty-utils-2.4.6.jar, C:\Users\Rijos\.ivy2\cache\org.slf4j\slf4j-api\jars\slf4j-api-1.7.12.jar, C:\Users\Rijos\.ivy2\cache\org.slf4j\jul-to-slf4j\jars\jul-to-slf4j-1.7.12.jar, C:\Users\Rijos\.ivy2\cache\org.slf4j\jcl-over-slf4j\jars\jcl-over-slf4j-1.7.12.jar, C:\Users\Rijos\.ivy2\cache\org.scala-lang.modules\scala-parser-combinators_2.11\bundles\scala-parser-combinators_2.11-1.0.1.jar, C:\Users\Rijos\.ivy2\cache\ch.qos.logback\logback-core\jars\logback-core-1.1.3.jar, C:\Users\Rijos\.ivy2\cache\ch.qos.logback\logback-classic\jars\logback-classic-1.1.3.jar, C:\Users\Rijos\.ivy2\cache\com.typesafe.akka\akka-actor_2.11\jars\akka-actor_2.11-2.3.13.jar, C:\Users\Rijos\.ivy2\cache\com.typesafe.akka\akka-slf4j_2.11\jars\akka-slf4j_2.11-2.3.13.jar, C:\Users\Rijos\.ivy2\cache\commons-codec\commons-codec\jars\commons-codec-1.10.jar, C:\Users\Rijos\.ivy2\cache\xerces\xercesImpl\jars\xercesImpl-2.11.0.jar, C:\Users\Rijos\.ivy2\cache\xml-apis\xml-apis\jars\xml-apis-1.4.01.jar, C:\Users\Rijos\.ivy2\cache\javax.transaction\jta\jars\jta-1.1.jar, C:\Users\Rijos\.ivy2\cache\com.google.inject\guice\jars\guice-4.0.jar, C:\Users\Rijos\.ivy2\cache\javax.inject\javax.inject\jars\javax.inject-1.jar, C:\Users\Rijos\.ivy2\cache\aopalliance\aopalliance\jars\aopalliance-1.0.jar, C:\Users\Rijos\.ivy2\cache\com.google.inject.extensions\guice-assistedinject\jars\guice-assistedinject-4.0.jar, C:\Users\Rijos\.ivy2\cache\com.typesafe.play\play-java_2.11\jars\play-java_2.11-2.4.6.jar, C:\Users\Rijos\.ivy2\cache\org.scala-lang.modules\scala-java8-compat_2.11\bundles\scala-java8-compat_2.11-0.3.0.jar, C:\Users\Rijos\.ivy2\cache\org.yaml\snakeyaml\bundles\snakeyaml-1.15.jar, C:\Users\Rijos\.ivy2\cache\org.hibernate\hibernate-validator\jars\hibernate-validator-5.0.3.Final.jar, C:\Users\Rijos\.ivy2\cache\javax.validation\validation-api\jars\validation-api-1.1.0.Final.jar, C:\Users\Rijos\.ivy2\cache\com.fasterxml\classmate\bundles\classmate-1.0.0.jar, C:\Users\Rijos\.ivy2\cache\org.jboss.logging\jboss-logging\jars\jboss-logging-3.2.1.Final.jar, C:\Users\Rijos\.ivy2\cache\org.springframework\spring-context\jars\spring-context-4.1.6.RELEASE.jar, C:\Users\Rijos\.ivy2\cache\org.springframework\spring-core\jars\spring-core-4.1.6.RELEASE.jar, C:\Users\Rijos\.ivy2\cache\org.springframework\spring-beans\jars\spring-beans-4.1.6.RELEASE.jar, C:\Users\Rijos\.ivy2\cache\org.reflections\reflections\jars\reflections-0.9.9.jar, C:\Users\Rijos\.ivy2\cache\com.google.guava\guava\bundles\guava-18.0.jar, C:\Users\Rijos\.ivy2\cache\net.jodah\typetools\bundles\typetools-0.4.3.jar, C:\Users\Rijos\.ivy2\cache\com.google.code.findbugs\jsr305\jars\jsr305-2.0.3.jar, C:\Users\Rijos\.ivy2\cache\org.apache.tomcat\tomcat-servlet-api\jars\tomcat-servlet-api-8.0.21.jar, C:\Users\Rijos\.ivy2\cache\com.typesafe.play\play-netty-server_2.11\jars\play-netty-server_2.11-2.4.6.jar, C:\Users\Rijos\.ivy2\cache\io.netty\netty\bundles\netty-3.10.4.Final.jar, C:\Users\Rijos\.ivy2\cache\com.typesafe.netty\netty-http-pipelining\jars\netty-http-pipelining-1.1.4.jar, C:\Users\Rijos\.ivy2\cache\com.typesafe.play\play-java-jdbc_2.11\jars\play-java-jdbc_2.11-2.4.6.jar, C:\Users\Rijos\.ivy2\cache\com.typesafe.play\play-jdbc_2.11\jars\play-jdbc_2.11-2.4.6.jar, C:\Users\Rijos\.ivy2\cache\com.typesafe.play\play-jdbc-api_2.11\jars\play-jdbc-api_2.11-2.4.6.jar, C:\Users\Rijos\.ivy2\cache\com.jolbox\bonecp\bundles\bonecp-0.8.0.RELEASE.jar, C:\Users\Rijos\.ivy2\cache\com.zaxxer\HikariCP\bundles\HikariCP-2.3.7.jar, C:\Users\Rijos\.ivy2\cache\com.h2database\h2\jars\h2-1.4.187.jar, C:\Users\Rijos\.ivy2\cache\tyrex\tyrex\jars\tyrex-1.0.1.jar, C:\Users\Rijos\.ivy2\cache\com.typesafe.play\play-cache_2.11\jars\play-cache_2.11-2.4.6.jar, C:\Users\Rijos\.ivy2\cache\net.sf.ehcache\ehcache-core\jars\ehcache-core-2.6.11.jar, C:\Users\Rijos\.ivy2\cache\com.typesafe.play\play-java-ws_2.11\jars\play-java-ws_2.11-2.4.6.jar, C:\Users\Rijos\.ivy2\cache\com.typesafe.play\play-ws_2.11\jars\play-ws_2.11-2.4.6.jar, C:\Users\Rijos\.ivy2\cache\com.ning\async-http-client\jars\async-http-client-1.9.21.jar, C:\Users\Rijos\.ivy2\cache\oauth.signpost\signpost-core\jars\signpost-core-1.2.1.2.jar, C:\Users\Rijos\.ivy2\cache\oauth.signpost\signpost-commonshttp4\jars\signpost-commonshttp4-1.2.1.2.jar, C:\Users\Rijos\.ivy2\cache\org.apache.httpcomponents\httpcore\jars\httpcore-4.0.1.jar, C:\Users\Rijos\.ivy2\cache\org.apache.httpcomponents\httpclient\jars\httpclient-4.0.1.jar, C:\Users\Rijos\.ivy2\cache\commons-logging\commons-logging\jars\commons-logging-1.1.1.jar, C:\Users\Rijos\.ivy2\cache\org.webjars\font-awesome\jars\font-awesome-4.5.0.jar, C:\Users\Rijos\.ivy2\cache\org.webjars\webjars-play_2.11\jars\webjars-play_2.11-2.4.0-1.jar, C:\Users\Rijos\.ivy2\cache\org.webjars\requirejs\jars\requirejs-2.1.15.jar, C:\Users\Rijos\.ivy2\cache\org.webjars\webjars-locator\jars\webjars-locator-0.23.jar, C:\Users\Rijos\.ivy2\cache\org.webjars\webjars-locator-core\jars\webjars-locator-core-0.22.jar, C:\Users\Rijos\.ivy2\cache\org.webjars\bootstrap\jars\bootstrap-4.0.0-alpha.2.jar, C:\Users\Rijos\.ivy2\cache\org.webjars\jquery\jars\jquery-1.11.1.jar),List((public/,C:\Users\Rijos\Documents\GitHub\ragecrate\target\web\public\main)),List(C:\Users\Rijos\.ivy2\cache\com.typesafe.play\play-omnidoc_2.11\jars\play-omnidoc_2.11-2.4.6.jar, C:\Users\Rijos\.ivy2\cache\org.scala-lang\scala-library\jars\scala-library-2.11.6.jar, C:\Users\Rijos\.ivy2\cache\com.typesafe.play\play-docs_2.11\jars\play-docs_2.11-2.4.6.jar, C:\Users\Rijos\.ivy2\cache\com.typesafe.play\play-netty-server_2.11\jars\play-netty-server_2.11-2.4.6.jar, C:\Users\Rijos\.ivy2\cache\com.typesafe.play\play-server_2.11\jars\play-server_2.11-2.4.6.jar, C:\Users\Rijos\.ivy2\cache\com.typesafe.play\play_2.11\jars\play_2.11-2.4.6.jar, C:\Users\Rijos\.ivy2\cache\com.typesafe.play\build-link\jars\build-link-2.4.6.jar, C:\Users\Rijos\.ivy2\cache\com.typesafe.play\play-exceptions\jars\play-exceptions-2.4.6.jar, C:\Users\Rijos\.ivy2\cache\org.javassist\javassist\bundles\javassist-3.19.0-GA.jar, C:\Users\Rijos\.ivy2\cache\com.typesafe.play\play-iteratees_2.11\jars\play-iteratees_2.11-2.4.6.jar, C:\Users\Rijos\.ivy2\cache\org.scala-stm\scala-stm_2.11\jars\scala-stm_2.11-0.7.jar, C:\Users\Rijos\.ivy2\cache\com.typesafe\config\bundles\config-1.3.0.jar, C:\Users\Rijos\.ivy2\cache\com.typesafe.play\play-json_2.11\jars\play-json_2.11-2.4.6.jar, C:\Users\Rijos\.ivy2\cache\com.typesafe.play\play-functional_2.11\jars\play-functional_2.11-2.4.6.jar, C:\Users\Rijos\.ivy2\cache\com.typesafe.play\play-datacommons_2.11\jars\play-datacommons_2.11-2.4.6.jar, C:\Users\Rijos\.ivy2\cache\joda-time\joda-time\jars\joda-time-2.8.1.jar, C:\Users\Rijos\.ivy2\cache\org.joda\joda-convert\jars\joda-convert-1.7.jar, C:\Users\Rijos\.ivy2\cache\org.scala-lang\scala-reflect\jars\scala-reflect-2.11.6.jar, C:\Users\Rijos\.ivy2\cache\com.fasterxml.jackson.core\jackson-core\bundles\jackson-core-2.5.4.jar, C:\Users\Rijos\.ivy2\cache\com.fasterxml.jackson.core\jackson-annotations\bundles\jackson-annotations-2.5.4.jar, C:\Users\Rijos\.ivy2\cache\com.fasterxml.jackson.core\jackson-databind\bundles\jackson-databind-2.5.4.jar, C:\Users\Rijos\.ivy2\cache\com.fasterxml.jackson.datatype\jackson-datatype-jdk8\bundles\jackson-datatype-jdk8-2.5.4.jar, C:\Users\Rijos\.ivy2\cache\com.fasterxml.jackson.datatype\jackson-datatype-jsr310\bundles\jackson-datatype-jsr310-2.5.4.jar, C:\Users\Rijos\.ivy2\cache\com.typesafe.play\play-netty-utils\jars\play-netty-utils-2.4.6.jar, C:\Users\Rijos\.ivy2\cache\org.slf4j\slf4j-api\jars\slf4j-api-1.7.12.jar, C:\Users\Rijos\.ivy2\cache\org.slf4j\jul-to-slf4j\jars\jul-to-slf4j-1.7.12.jar, C:\Users\Rijos\.ivy2\cache\org.slf4j\jcl-over-slf4j\jars\jcl-over-slf4j-1.7.12.jar, C:\Users\Rijos\.ivy2\cache\com.typesafe.play\twirl-api_2.11\jars\twirl-api_2.11-1.1.1.jar, C:\Users\Rijos\.ivy2\cache\org.apache.commons\commons-lang3\jars\commons-lang3-3.4.jar, C:\Users\Rijos\.ivy2\cache\org.scala-lang.modules\scala-xml_2.11\bundles\scala-xml_2.11-1.0.1.jar, C:\Users\Rijos\.ivy2\cache\org.scala-lang.modules\scala-parser-combinators_2.11\bundles\scala-parser-combinators_2.11-1.0.1.jar, C:\Users\Rijos\.ivy2\cache\ch.qos.logback\logback-core\jars\logback-core-1.1.3.jar, C:\Users\Rijos\.ivy2\cache\ch.qos.logback\logback-classic\jars\logback-classic-1.1.3.jar, C:\Users\Rijos\.ivy2\cache\com.typesafe.akka\akka-actor_2.11\jars\akka-actor_2.11-2.3.13.jar, C:\Users\Rijos\.ivy2\cache\com.typesafe.akka\akka-slf4j_2.11\jars\akka-slf4j_2.11-2.3.13.jar, C:\Users\Rijos\.ivy2\cache\commons-codec\commons-codec\jars\commons-codec-1.10.jar, C:\Users\Rijos\.ivy2\cache\xerces\xercesImpl\jars\xercesImpl-2.11.0.jar, C:\Users\Rijos\.ivy2\cache\xml-apis\xml-apis\jars\xml-apis-1.4.01.jar, C:\Users\Rijos\.ivy2\cache\javax.transaction\jta\jars\jta-1.1.jar, C:\Users\Rijos\.ivy2\cache\com.google.inject\guice\jars\guice-4.0.jar, C:\Users\Rijos\.ivy2\cache\javax.inject\javax.inject\jars\javax.inject-1.jar, C:\Users\Rijos\.ivy2\cache\aopalliance\aopalliance\jars\aopalliance-1.0.jar, C:\Users\Rijos\.ivy2\cache\com.google.guava\guava\bundles\guava-16.0.1.jar, C:\Users\Rijos\.ivy2\cache\com.google.inject.extensions\guice-assistedinject\jars\guice-assistedinject-4.0.jar, C:\Users\Rijos\.ivy2\cache\io.netty\netty\bundles\netty-3.10.4.Final.jar, C:\Users\Rijos\.ivy2\cache\com.typesafe.netty\netty-http-pipelining\jars\netty-http-pipelining-1.1.4.jar, C:\Users\Rijos\.ivy2\cache\com.typesafe.play\play-doc_2.11\jars\play-doc_2.11-1.2.2.jar, C:\Users\Rijos\.ivy2\cache\org.pegdown\pegdown\jars\pegdown-1.4.0.jar, C:\Users\Rijos\.ivy2\cache\org.parboiled\parboiled-java\bundles\parboiled-java-1.1.5.jar, C:\Users\Rijos\.ivy2\cache\org.parboiled\parboiled-core\bundles\parboiled-core-1.1.5.jar, C:\Users\Rijos\.ivy2\cache\org.ow2.asm\asm\jars\asm-4.1.jar, C:\Users\Rijos\.ivy2\cache\org.ow2.asm\asm-tree\jars\asm-tree-4.1.jar, C:\Users\Rijos\.ivy2\cache\org.ow2.asm\asm-analysis\jars\asm-analysis-4.1.jar, C:\Users\Rijos\.ivy2\cache\org.ow2.asm\asm-util\jars\asm-util-4.1.jar, C:\Users\Rijos\.ivy2\cache\commons-io\commons-io\jars\commons-io-2.4.jar),Some(C:\Users\Rijos\.ivy2\cache\com.typesafe.play\play-omnidoc_2.11\jars\play-omnidoc_2.11-2.4.6.jar),List(),9000,0.0.0.0,DefaultWatchService,List(C:\Users\Rijos\Documents\GitHub\ragecrate\public, C:\Users\Rijos\Documents\GitHub\ragecrate\conf, C:\Users\Rijos\Documents\GitHub\ragecrate\app-2.11, C:\Users\Rijos\Documents\GitHub\ragecrate\app),C:\Users\Rijos\Documents\GitHub\ragecrate\target,500,root/playForkNotifyStart,root/playForkReload,300000,play.core.server.DevServerStart))))
Sending msg to client play-fork-run-d188a8e9-ca77-4210-8cd6-53f8849614a6: TaskStarted(6,313,None)
Sending msg to client play-fork-run-d188a8e9-ca77-4210-8cd6-53f8849614a6: TaskFinished(6,313,None,true,None)
Sending msg to client play-fork-run-d188a8e9-ca77-4210-8cd6-53f8849614a6: TaskStarted(6,312,None)
Sending msg to client play-fork-run-d188a8e9-ca77-4210-8cd6-53f8849614a6: TaskFinished(6,312,None,true,None)
Sending msg to client play-fork-run-d188a8e9-ca77-4210-8cd6-53f8849614a6: DetachedLogEvent(LogMessage(debug,cancel strategy finish enabled=false lastCommand=Some(LastCommand(CommandExecutionWork(ExecutionId(6),{file:/C:/Users/Rijos/Documents/GitHub/ragecrate/}root/*:playForkConfig,Set(LiveClient(play-fork-run d188a8e9-ca77-4210-8cd6-53f8849614a6)),sbt.server.WorkCancellationStatus$$anon$1@5752fafa)))))
Sending msg to client play-fork-run-d188a8e9-ca77-4210-8cd6-53f8849614a6: DetachedLogEvent(LogSuccess(Total time: 0 s, completed Feb 27, 2016 8:33:27 PM))
Sending msg to client play-fork-run-d188a8e9-ca77-4210-8cd6-53f8849614a6: DetachedLogEvent(LogMessage(debug,> server-post-command-cleanup))
Sending msg to client play-fork-run-d188a8e9-ca77-4210-8cd6-53f8849614a6: ExecutionSuccess(6)
Sending msg to client play-fork-run-d188a8e9-ca77-4210-8cd6-53f8849614a6: DetachedLogEvent(LogMessage(debug,> server-handle-next-server-request))
Sending msg to client play-fork-run-d188a8e9-ca77-4210-8cd6-53f8849614a6: BackgroundJobLogEvent(1,LogMessage(info,))
Sending msg to client play-fork-run-d188a8e9-ca77-4210-8cd6-53f8849614a6: BackgroundJobLogEvent(1,LogMessage(info,--- (Running the application, auto-reloading is enabled) ---))
Sending msg to client play-fork-run-d188a8e9-ca77-4210-8cd6-53f8849614a6: BackgroundJobLogEvent(1,LogMessage(info,))
Sending msg to client play-fork-run-d188a8e9-ca77-4210-8cd6-53f8849614a6: BackgroundJobLogEvent(1,LogMessage(info,p.c.s.NettyServer - Listening for HTTP on /0:0:0:0:0:0:0:0:9000))
Sending msg to client play-fork-run-d188a8e9-ca77-4210-8cd6-53f8849614a6: BackgroundJobLogEvent(1,LogMessage(info,))
Sending msg to client play-fork-run-d188a8e9-ca77-4210-8cd6-53f8849614a6: BackgroundJobLogEvent(1,LogMessage(info,(Server started, use Ctrl+D to stop and go back to the console...)))
Sending msg to client play-fork-run-d188a8e9-ca77-4210-8cd6-53f8849614a6: BackgroundJobLogEvent(1,LogMessage(info,))
Got request: ExecutionRequest(root/playForkNotifyStart http://localhost:9000)
Reading next message from client.
Sending msg to client play-fork-run-d188a8e9-ca77-4210-8cd6-53f8849614a6: (8,ExecutionRequestReceived(7))
Sending msg to client play-fork-run-d188a8e9-ca77-4210-8cd6-53f8849614a6: ExecutionWaiting(7,root/playForkNotifyStart http://localhost:9000,ClientInfo(d188a8e9-ca77-4210-8cd6-53f8849614a6,play-fork-run,Play Fork Run,1,Vector()))
Sending msg to client play-fork-run-d188a8e9-ca77-4210-8cd6-53f8849614a6: ExecutionStarting(7)
Sending msg to client play-fork-run-d188a8e9-ca77-4210-8cd6-53f8849614a6: DetachedLogEvent(LogMessage(debug,> root/playForkNotifyStart http://localhost:9000))
Sending msg to client play-fork-run-d188a8e9-ca77-4210-8cd6-53f8849614a6: DetachedLogEvent(LogMessage(debug,Evaluating tasks: *:playForkNotifyStart))
Sending msg to client play-fork-run-d188a8e9-ca77-4210-8cd6-53f8849614a6: DetachedLogEvent(LogMessage(debug,Running task... Cancel: sbt.server.ServerTaskCancellation@23d2f714, check cycles: false))
Sending msg to client play-fork-run-d188a8e9-ca77-4210-8cd6-53f8849614a6: DetachedLogEvent(LogMessage(debug,cancel strategy start enabled=true lastCommand=Some(LastCommand(CommandExecutionWork(ExecutionId(7),root/playForkNotifyStart http://localhost:9000,Set(LiveClient(play-fork-run d188a8e9-ca77-4210-8cd6-53f8849614a6)),sbt.server.WorkCancellationStatus$$anon$1@6a5e8321)))))
Sending msg to client play-fork-run-d188a8e9-ca77-4210-8cd6-53f8849614a6: TaskStarted(7,390,Some(AttributeKey[sbt.SendEventService]("sendEventService") in Scope(Global)))
Sending msg to client play-fork-run-d188a8e9-ca77-4210-8cd6-53f8849614a6: TaskFinished(7,390,Some(AttributeKey[sbt.SendEventService]("sendEventService") in Scope(Global)),true,None)
Sending msg to client play-fork-run-d188a8e9-ca77-4210-8cd6-53f8849614a6: TaskStarted(7,389,Some(AttributeKey[scala.Function1[java.lang.String,void]]("playForkStarted") in Scope(Build: file:/C:/Users/Rijos/Documents/GitHub/ragecrate/, , Project: ProjectReference(file:/C:/Users/Rijos/Documents/GitHub/ragecrate/,root))))
Sending msg to client play-fork-run-d188a8e9-ca77-4210-8cd6-53f8849614a6: TaskFinished(7,389,Some(AttributeKey[scala.Function1[java.lang.String,void]]("playForkStarted") in Scope(Build: file:/C:/Users/Rijos/Documents/GitHub/ragecrate/, , Project: ProjectReference(file:/C:/Users/Rijos/Documents/GitHub/ragecrate/,root))),true,None)
Sending msg to client play-fork-run-d188a8e9-ca77-4210-8cd6-53f8849614a6: TaskStarted(7,388,Some(AttributeKey[void]("playForkNotifyStart") in Scope(Build: file:/C:/Users/Rijos/Documents/GitHub/ragecrate/, , Project: ProjectReference(file:/C:/Users/Rijos/Documents/GitHub/ragecrate/,root))))
Sending msg to client play-fork-run-d188a8e9-ca77-4210-8cd6-53f8849614a6: TaskEvent(388,LazyValue(PlayServerStarted(http://localhost:9000),play.forkrun.protocol.Serializers$PlayForkrunProtocolPlayServerStartedPickler1$2$@43df554c))
Sending msg to client play-fork-run-d188a8e9-ca77-4210-8cd6-53f8849614a6: TaskFinished(7,388,Some(AttributeKey[void]("playForkNotifyStart") in Scope(Build: file:/C:/Users/Rijos/Documents/GitHub/ragecrate/, , Project: ProjectReference(file:/C:/Users/Rijos/Documents/GitHub/ragecrate/,root))),true,None)
Sending msg to client play-fork-run-d188a8e9-ca77-4210-8cd6-53f8849614a6: TaskStarted(7,387,None)
Sending msg to client play-fork-run-d188a8e9-ca77-4210-8cd6-53f8849614a6: TaskFinished(7,387,None,true,None)
Sending msg to client play-fork-run-d188a8e9-ca77-4210-8cd6-53f8849614a6: TaskStarted(7,386,None)
Sending msg to client play-fork-run-d188a8e9-ca77-4210-8cd6-53f8849614a6: TaskFinished(7,386,None,true,None)
Sending msg to client play-fork-run-d188a8e9-ca77-4210-8cd6-53f8849614a6: DetachedLogEvent(LogMessage(debug,cancel strategy finish enabled=false lastCommand=Some(LastCommand(CommandExecutionWork(ExecutionId(7),root/playForkNotifyStart http://localhost:9000,Set(LiveClient(play-fork-run d188a8e9-ca77-4210-8cd6-53f8849614a6)),sbt.server.WorkCancellationStatus$$anon$1@6a5e8321)))))
Sending msg to client play-fork-run-d188a8e9-ca77-4210-8cd6-53f8849614a6: DetachedLogEvent(LogSuccess(Total time: 0 s, completed Feb 27, 2016 8:33:28 PM))
Sending msg to client play-fork-run-d188a8e9-ca77-4210-8cd6-53f8849614a6: DetachedLogEvent(LogMessage(debug,> server-post-command-cleanup))
Sending msg to client play-fork-run-d188a8e9-ca77-4210-8cd6-53f8849614a6: ExecutionSuccess(7)
Sending msg to client play-fork-run-d188a8e9-ca77-4210-8cd6-53f8849614a6: DetachedLogEvent(LogMessage(debug,> server-handle-next-server-request))
